[22-Apr-2025 09:23:47 Europe/Berlin] POST data received: Array
(
    [applicantName] => Abbas
    [batchNo] => CODO/0425/B001
    [dateOfJoining] => 2025-04-23
    [dob] => 2010-04-22
    [gender] => male
    [phone] => 8848676627
    [email] => tv.pangonline@gmail.com
    [education] => Plus 2
    [customEducation] => 
    [fatherName] => Abbas V2
    [fatherOccupation] => Intro
    [motherName] => Abbas V3
    [guardianPhone] => 8848676627
    [address] => aaaaaa
    [technicalBackground] => yes
    [applicationId] => CODO/0425/005
)

[22-Apr-2025 09:23:47 Europe/Berlin] POST data received: Array
(
    [applicantName] => Abbas
    [batchNo] => CODO/0425/B001
    [dateOfJoining] => 2025-04-23
    [dob] => 2010-04-22
    [gender] => male
    [phone] => 8848676627
    [email] => tv.pangonline@gmail.com
    [education] => Plus 2
    [customEducation] => 
    [fatherName] => Abbas V2
    [fatherOccupation] => Intro
    [motherName] => Abbas V3
    [guardianPhone] => 8848676627
    [address] => aaaaaa
    [technicalBackground] => yes
    [applicationId] => CODO/0425/005
)

[22-Apr-2025 09:23:47 Europe/Berlin] Files data received: Array
(
)

[22-Apr-2025 09:23:47 Europe/Berlin] Files data received: Array
(
)

[22-Apr-2025 09:23:47 Europe/Berlin] Database error in process.php: SQLSTATE[23000]: Integrity constraint violation: 1062 Duplicate entry 'CODO/0425/005' for key 'unique_application_id'
[22-Apr-2025 09:33:07 Europe/Berlin] Searching for application ID: CODO/0425/004
[22-Apr-2025 10:12:52 Europe/Berlin] POST data received: Array
(
    [applicantName] => Abbas
    [batchNo] => CODO/0425/B001
    [dateOfJoining] => 2025-04-23
    [dob] => 2010-04-22
    [gender] => male
    [phone] => 8848676627
    [email] => tv.pangonline@gmail.com
    [education] => Plus 2
    [customEducation] => 
    [fatherName] => Abbas V2
    [fatherOccupation] => Intro
    [motherName] => Abbas V3
    [guardianPhone] => 8848676627
    [address] => aaaaaa
    [technicalBackground] => yes
    [applicationId] => CODO/0425/006
)

[22-Apr-2025 10:12:52 Europe/Berlin] POST data received: Array
(
    [applicantName] => Abbas
    [batchNo] => CODO/0425/B001
    [dateOfJoining] => 2025-04-23
    [dob] => 2010-04-22
    [gender] => male
    [phone] => 8848676627
    [email] => tv.pangonline@gmail.com
    [education] => Plus 2
    [customEducation] => 
    [fatherName] => Abbas V2
    [fatherOccupation] => Intro
    [motherName] => Abbas V3
    [guardianPhone] => 8848676627
    [address] => aaaaaa
    [technicalBackground] => yes
    [applicationId] => CODO/0425/006
)

[22-Apr-2025 10:12:52 Europe/Berlin] Files data received: Array
(
)

[22-Apr-2025 10:12:52 Europe/Berlin] Files data received: Array
(
)

[22-Apr-2025 10:12:52 Europe/Berlin] Database error in process.php: SQLSTATE[23000]: Integrity constraint violation: 1062 Duplicate entry 'CODO/0425/006' for key 'unique_application_id'
[22-Apr-2025 11:04:16 Europe/Berlin] POST data received: Array
(
    [applicantName] => Abbas
    [batchNo] => CODO/0425/B001
    [dateOfJoining] => 2025-04-23
    [dob] => 2010-04-22
    [gender] => male
    [phone] => 8848676627
    [email] => tv.pangonline@gmail.com
    [education] => Plus 2
    [customEducation] => 
    [fatherName] => Abbas V2
    [fatherOccupation] => Intro
    [motherName] => Abbas V3
    [guardianPhone] => 8848676627
    [address] => sssssssssss
    [technicalBackground] => yes
    [applicationId] => CODO/0425/007
)

[22-Apr-2025 11:04:16 Europe/Berlin] Files data received: Array
(
)

[22-Apr-2025 11:04:16 Europe/Berlin] POST data received: Array
(
    [applicantName] => Abbas
    [batchNo] => CODO/0425/B001
    [dateOfJoining] => 2025-04-23
    [dob] => 2010-04-22
    [gender] => male
    [phone] => 8848676627
    [email] => tv.pangonline@gmail.com
    [education] => Plus 2
    [customEducation] => 
    [fatherName] => Abbas V2
    [fatherOccupation] => Intro
    [motherName] => Abbas V3
    [guardianPhone] => 8848676627
    [address] => sssssssssss
    [technicalBackground] => yes
    [applicationId] => CODO/0425/007
)

[22-Apr-2025 11:04:16 Europe/Berlin] Files data received: Array
(
)

[22-Apr-2025 11:04:16 Europe/Berlin] Database error in process.php: SQLSTATE[23000]: Integrity constraint violation: 1062 Duplicate entry 'CODO/0425/007' for key 'unique_application_id'
[22-Apr-2025 11:07:29 Europe/Berlin] POST data received: Array
(
    [applicantName] => Abbas
    [batchNo] => CODO/0425/B001
    [dateOfJoining] => 2025-04-23
    [dob] => 2010-04-22
    [gender] => male
    [phone] => 8848676627
    [email] => tv.pangonline@gmail.com
    [education] => Plus 2
    [customEducation] => 
    [fatherName] => Abbas V2
    [fatherOccupation] => Intro
    [motherName] => Abbas V3
    [guardianPhone] => 8848676627
    [address] => aaaaaaaaaaaaaaa
    [technicalBackground] => yes
    [applicationId] => CODO/0425/008
)

[22-Apr-2025 11:07:29 Europe/Berlin] Files data received: Array
(
)

[22-Apr-2025 11:07:29 Europe/Berlin] POST data received: Array
(
    [applicantName] => Abbas
    [batchNo] => CODO/0425/B001
    [dateOfJoining] => 2025-04-23
    [dob] => 2010-04-22
    [gender] => male
    [phone] => 8848676627
    [email] => tv.pangonline@gmail.com
    [education] => Plus 2
    [customEducation] => 
    [fatherName] => Abbas V2
    [fatherOccupation] => Intro
    [motherName] => Abbas V3
    [guardianPhone] => 8848676627
    [address] => aaaaaaaaaaaaaaa
    [technicalBackground] => yes
    [applicationId] => CODO/0425/008
)

[22-Apr-2025 11:07:29 Europe/Berlin] Files data received: Array
(
)

[22-Apr-2025 11:07:29 Europe/Berlin] Database error in process.php: SQLSTATE[23000]: Integrity constraint violation: 1062 Duplicate entry 'CODO/0425/008' for key 'unique_application_id'
[22-Apr-2025 11:09:25 Europe/Berlin] POST data received: Array
(
    [applicantName] => Abbas
    [batchNo] => CODO/0425/B001
    [dateOfJoining] => 2025-04-23
    [dob] => 2010-04-22
    [gender] => male
    [phone] => 8848676627
    [email] => tv.pangonline@gmail.com
    [education] => Plus 2
    [customEducation] => 
    [fatherName] => Abbas V2
    [fatherOccupation] => Intro
    [motherName] => Abbas V3
    [guardianPhone] => 8848676627
    [address] => ssssssssss
    [technicalBackground] => yes
    [applicationId] => CODO/0425/009
)

[22-Apr-2025 11:09:25 Europe/Berlin] POST data received: Array
(
    [applicantName] => Abbas
    [batchNo] => CODO/0425/B001
    [dateOfJoining] => 2025-04-23
    [dob] => 2010-04-22
    [gender] => male
    [phone] => 8848676627
    [email] => tv.pangonline@gmail.com
    [education] => Plus 2
    [customEducation] => 
    [fatherName] => Abbas V2
    [fatherOccupation] => Intro
    [motherName] => Abbas V3
    [guardianPhone] => 8848676627
    [address] => ssssssssss
    [technicalBackground] => yes
    [applicationId] => CODO/0425/009
)

[22-Apr-2025 11:09:25 Europe/Berlin] Files data received: Array
(
)

[22-Apr-2025 11:09:25 Europe/Berlin] Files data received: Array
(
)

[22-Apr-2025 11:09:25 Europe/Berlin] Database error in process.php: SQLSTATE[23000]: Integrity constraint violation: 1062 Duplicate entry 'CODO/0425/009' for key 'unique_application_id'
[22-Apr-2025 11:11:10 Europe/Berlin] POST data received: Array
(
    [applicantName] => Abbas
    [batchNo] => CODO/0425/B001
    [dateOfJoining] => 2025-04-23
    [dob] => 2010-04-22
    [gender] => male
    [phone] => 8848676627
    [email] => tv.pangonline@gmail.com
    [education] => Plus 2
    [customEducation] => 
    [fatherName] => Abbas V2
    [fatherOccupation] => Intro
    [motherName] => Abbas V3
    [guardianPhone] => 8848676627
    [address] => aaaaaaaaaaa
    [technicalBackground] => yes
    [applicationId] => CODO/0425/010
)

[22-Apr-2025 11:11:10 Europe/Berlin] POST data received: Array
(
    [applicantName] => Abbas
    [batchNo] => CODO/0425/B001
    [dateOfJoining] => 2025-04-23
    [dob] => 2010-04-22
    [gender] => male
    [phone] => 8848676627
    [email] => tv.pangonline@gmail.com
    [education] => Plus 2
    [customEducation] => 
    [fatherName] => Abbas V2
    [fatherOccupation] => Intro
    [motherName] => Abbas V3
    [guardianPhone] => 8848676627
    [address] => aaaaaaaaaaa
    [technicalBackground] => yes
    [applicationId] => CODO/0425/010
)

[22-Apr-2025 11:11:10 Europe/Berlin] Files data received: Array
(
)

[22-Apr-2025 11:11:10 Europe/Berlin] Files data received: Array
(
)

[22-Apr-2025 11:11:10 Europe/Berlin] Database error in process.php: SQLSTATE[23000]: Integrity constraint violation: 1062 Duplicate entry 'CODO/0425/010' for key 'unique_application_id'
